The system is: Linux - 2.6.32-642.6.2.el6.x86_64 - x86_64
Compiling the C compiler identification source file "CMakeCCompilerId.c" succeeded.
Compiler: /cvmfs/fermilab.opensciencegrid.org/products/larsoft/gcc/v6_3_0/Linux64bit+2.6-2.12/bin/gcc 
Build flags: 
Id flags: 

The output was:
0


Compilation of the C compiler identification source "CMakeCCompilerId.c" produced "a.out"

The C compiler identification is GNU, found in "/dune/app/users/soughton/larsoft_v06_43_00/build_slf6.x86_64/CMakeFiles/3.7.1/CompilerIdC/a.out"

Compiling the CXX compiler identification source file "CMakeCXXCompilerId.cpp" succeeded.
Compiler: /cvmfs/fermilab.opensciencegrid.org/products/larsoft/gcc/v6_3_0/Linux64bit+2.6-2.12/bin/g++ 
Build flags: 
Id flags: 

The output was:
0


Compilation of the CXX compiler identification source "CMakeCXXCompilerId.cpp" produced "a.out"

The CXX compiler identification is GNU, found in "/dune/app/users/soughton/larsoft_v06_43_00/build_slf6.x86_64/CMakeFiles/3.7.1/CompilerIdCXX/a.out"

Determining if the C compiler works passed with the following output:
Change Dir: /dune/app/users/soughton/larsoft_v06_43_00/build_slf6.x86_64/CMakeFiles/CMakeTmp

Run Build Command:"/usr/bin/gmake" "cmTC_7d005/fast"
/usr/bin/gmake -f CMakeFiles/cmTC_7d005.dir/build.make CMakeFiles/cmTC_7d005.dir/build
gmake[1]: Entering directory `/dune/app/users/soughton/larsoft_v06_43_00/build_slf6.x86_64/CMakeFiles/CMakeTmp'
Building C object CMakeFiles/cmTC_7d005.dir/testCCompiler.c.o
/cvmfs/fermilab.opensciencegrid.org/products/larsoft/gcc/v6_3_0/Linux64bit+2.6-2.12/bin/gcc     -o CMakeFiles/cmTC_7d005.dir/testCCompiler.c.o   -c /dune/app/users/soughton/larsoft_v06_43_00/build_slf6.x86_64/CMakeFiles/CMakeTmp/testCCompiler.c
Linking C executable cmTC_7d005
/cvmfs/fermilab.opensciencegrid.org/products/larsoft/cmake/v3_7_1/Linux64bit+2.6-2.12/bin/cmake -E cmake_link_script CMakeFiles/cmTC_7d005.dir/link.txt --verbose=1
/cvmfs/fermilab.opensciencegrid.org/products/larsoft/gcc/v6_3_0/Linux64bit+2.6-2.12/bin/gcc       CMakeFiles/cmTC_7d005.dir/testCCompiler.c.o  -o cmTC_7d005 -rdynamic 
gmake[1]: Leaving directory `/dune/app/users/soughton/larsoft_v06_43_00/build_slf6.x86_64/CMakeFiles/CMakeTmp'


Detecting C compiler ABI info compiled with the following output:
Change Dir: /dune/app/users/soughton/larsoft_v06_43_00/build_slf6.x86_64/CMakeFiles/CMakeTmp

Run Build Command:"/usr/bin/gmake" "cmTC_94766/fast"
/usr/bin/gmake -f CMakeFiles/cmTC_94766.dir/build.make CMakeFiles/cmTC_94766.dir/build
gmake[1]: Entering directory `/dune/app/users/soughton/larsoft_v06_43_00/build_slf6.x86_64/CMakeFiles/CMakeTmp'
Building C object CMakeFiles/cmTC_94766.dir/CMakeCCompilerABI.c.o
/cvmfs/fermilab.opensciencegrid.org/products/larsoft/gcc/v6_3_0/Linux64bit+2.6-2.12/bin/gcc     -o CMakeFiles/cmTC_94766.dir/CMakeCCompilerABI.c.o   -c /cvmfs/fermilab.opensciencegrid.org/products/larsoft/cmake/v3_7_1/Linux64bit+2.6-2.12/share/cmake-3.7/Modules/CMakeCCompilerABI.c
Linking C executable cmTC_94766
/cvmfs/fermilab.opensciencegrid.org/products/larsoft/cmake/v3_7_1/Linux64bit+2.6-2.12/bin/cmake -E cmake_link_script CMakeFiles/cmTC_94766.dir/link.txt --verbose=1
/cvmfs/fermilab.opensciencegrid.org/products/larsoft/gcc/v6_3_0/Linux64bit+2.6-2.12/bin/gcc      -v CMakeFiles/cmTC_94766.dir/CMakeCCompilerABI.c.o  -o cmTC_94766 -rdynamic  
Using built-in specs.
COLLECT_GCC=/cvmfs/fermilab.opensciencegrid.org/products/larsoft/gcc/v6_3_0/Linux64bit+2.6-2.12/bin/gcc
COLLECT_LTO_WRAPPER=/cvmfs/fermilab.opensciencegrid.org/products/larsoft/gcc/v6_3_0/Linux64bit+2.6-2.12/bin/../libexec/gcc/x86_64-pc-linux-gnu/6.3.0/lto-wrapper
Target: x86_64-pc-linux-gnu
Configured with: ./configure --prefix=/scratch/workspace/art-build-base/v6_3_0/SLF6/build/gcc/v6_3_0/Linux64bit+2.6-2.12 --disable-libgcj --enable-threads=posix --enable-__cxa_atexit --enable-languages=c,c++,fortran,lto --with-system-zlib --enable-libstdcxx-time=rt --enable-stage1-checking=yes --enable-checking=release --enable-lto --enable-plugin
Thread model: posix
gcc version 6.3.0 (GCC) 
COMPILER_PATH=/cvmfs/fermilab.opensciencegrid.org/products/larsoft/gcc/v6_3_0/Linux64bit+2.6-2.12/bin/../libexec/gcc/x86_64-pc-linux-gnu/6.3.0/:/cvmfs/fermilab.opensciencegrid.org/products/larsoft/gcc/v6_3_0/Linux64bit+2.6-2.12/bin/../libexec/gcc/:/cvmfs/fermilab.opensciencegrid.org/products/larsoft/gcc/v6_3_0/Linux64bit+2.6-2.12/bin/
LIBRARY_PATH=/cvmfs/fermilab.opensciencegrid.org/products/larsoft/gcc/v6_3_0/Linux64bit+2.6-2.12/bin/../lib/gcc/x86_64-pc-linux-gnu/6.3.0/:/cvmfs/fermilab.opensciencegrid.org/products/larsoft/gcc/v6_3_0/Linux64bit+2.6-2.12/bin/../lib/gcc/:/cvmfs/fermilab.opensciencegrid.org/products/larsoft/gcc/v6_3_0/Linux64bit+2.6-2.12/bin/../lib/gcc/x86_64-pc-linux-gnu/6.3.0/../../../../lib64/:/lib/../lib64/:/usr/lib/../lib64/:/cvmfs/fermilab.opensciencegrid.org/products/larsoft/libwda/v2_23_0/Linux64bit+2.6-2.12/lib/:/cvmfs/fermilab.opensciencegrid.org/products/larsoft/gcc/v6_3_0/Linux64bit+2.6-2.12/bin/../lib/gcc/x86_64-pc-linux-gnu/6.3.0/../../../:/lib/:/usr/lib/
COLLECT_GCC_OPTIONS='-v' '-o' 'cmTC_94766' '-rdynamic' '-mtune=generic' '-march=x86-64'
 /cvmfs/fermilab.opensciencegrid.org/products/larsoft/gcc/v6_3_0/Linux64bit+2.6-2.12/bin/../libexec/gcc/x86_64-pc-linux-gnu/6.3.0/collect2 --eh-frame-hdr -m elf_x86_64 -export-dynamic -dynamic-linker /lib64/ld-linux-x86-64.so.2 -o cmTC_94766 /usr/lib/../lib64/crt1.o /usr/lib/../lib64/crti.o /cvmfs/fermilab.opensciencegrid.org/products/larsoft/gcc/v6_3_0/Linux64bit+2.6-2.12/bin/../lib/gcc/x86_64-pc-linux-gnu/6.3.0/crtbegin.o -L/cvmfs/fermilab.opensciencegrid.org/products/larsoft/gcc/v6_3_0/Linux64bit+2.6-2.12/bin/../lib/gcc/x86_64-pc-linux-gnu/6.3.0 -L/cvmfs/fermilab.opensciencegrid.org/products/larsoft/gcc/v6_3_0/Linux64bit+2.6-2.12/bin/../lib/gcc -L/cvmfs/fermilab.opensciencegrid.org/products/larsoft/gcc/v6_3_0/Linux64bit+2.6-2.12/bin/../lib/gcc/x86_64-pc-linux-gnu/6.3.0/../../../../lib64 -L/lib/../lib64 -L/usr/lib/../lib64 -L/cvmfs/fermilab.opensciencegrid.org/products/larsoft/libwda/v2_23_0/Linux64bit+2.6-2.12/lib -L/cvmfs/fermilab.opensciencegrid.org/products/larsoft/gcc/v6_3_0/Linux64bit+2.6-2.12/bin/../lib/gcc/x86_64-pc-linux-gnu/6.3.0/../../.. CMakeFiles/cmTC_94766.dir/CMakeCCompilerABI.c.o -lgcc --as-needed -lgcc_s --no-as-needed -lc -lgcc --as-needed -lgcc_s --no-as-needed /cvmfs/fermilab.opensciencegrid.org/products/larsoft/gcc/v6_3_0/Linux64bit+2.6-2.12/bin/../lib/gcc/x86_64-pc-linux-gnu/6.3.0/crtend.o /usr/lib/../lib64/crtn.o
COLLECT_GCC_OPTIONS='-v' '-o' 'cmTC_94766' '-rdynamic' '-mtune=generic' '-march=x86-64'
gmake[1]: Leaving directory `/dune/app/users/soughton/larsoft_v06_43_00/build_slf6.x86_64/CMakeFiles/CMakeTmp'


Parsed C implicit link information from above output:
  link line regex: [^( *|.*[/\])(ld|([^/\]+-)?ld|collect2)[^/\]*( |$)]
  ignore line: [Change Dir: /dune/app/users/soughton/larsoft_v06_43_00/build_slf6.x86_64/CMakeFiles/CMakeTmp]
  ignore line: []
  ignore line: [Run Build Command:"/usr/bin/gmake" "cmTC_94766/fast"]
  ignore line: [/usr/bin/gmake -f CMakeFiles/cmTC_94766.dir/build.make CMakeFiles/cmTC_94766.dir/build]
  ignore line: [gmake[1]: Entering directory `/dune/app/users/soughton/larsoft_v06_43_00/build_slf6.x86_64/CMakeFiles/CMakeTmp']
  ignore line: [Building C object CMakeFiles/cmTC_94766.dir/CMakeCCompilerABI.c.o]
  ignore line: [/cvmfs/fermilab.opensciencegrid.org/products/larsoft/gcc/v6_3_0/Linux64bit+2.6-2.12/bin/gcc     -o CMakeFiles/cmTC_94766.dir/CMakeCCompilerABI.c.o   -c /cvmfs/fermilab.opensciencegrid.org/products/larsoft/cmake/v3_7_1/Linux64bit+2.6-2.12/share/cmake-3.7/Modules/CMakeCCompilerABI.c]
  ignore line: [Linking C executable cmTC_94766]
  ignore line: [/cvmfs/fermilab.opensciencegrid.org/products/larsoft/cmake/v3_7_1/Linux64bit+2.6-2.12/bin/cmake -E cmake_link_script CMakeFiles/cmTC_94766.dir/link.txt --verbose=1]
  ignore line: [/cvmfs/fermilab.opensciencegrid.org/products/larsoft/gcc/v6_3_0/Linux64bit+2.6-2.12/bin/gcc      -v CMakeFiles/cmTC_94766.dir/CMakeCCompilerABI.c.o  -o cmTC_94766 -rdynamic  ]
  ignore line: [Using built-in specs.]
  ignore line: [COLLECT_GCC=/cvmfs/fermilab.opensciencegrid.org/products/larsoft/gcc/v6_3_0/Linux64bit+2.6-2.12/bin/gcc]
  ignore line: [COLLECT_LTO_WRAPPER=/cvmfs/fermilab.opensciencegrid.org/products/larsoft/gcc/v6_3_0/Linux64bit+2.6-2.12/bin/../libexec/gcc/x86_64-pc-linux-gnu/6.3.0/lto-wrapper]
  ignore line: [Target: x86_64-pc-linux-gnu]
  ignore line: [Configured with: ./configure --prefix=/scratch/workspace/art-build-base/v6_3_0/SLF6/build/gcc/v6_3_0/Linux64bit+2.6-2.12 --disable-libgcj --enable-threads=posix --enable-__cxa_atexit --enable-languages=c,c++,fortran,lto --with-system-zlib --enable-libstdcxx-time=rt --enable-stage1-checking=yes --enable-checking=release --enable-lto --enable-plugin]
  ignore line: [Thread model: posix]
  ignore line: [gcc version 6.3.0 (GCC) ]
  ignore line: [COMPILER_PATH=/cvmfs/fermilab.opensciencegrid.org/products/larsoft/gcc/v6_3_0/Linux64bit+2.6-2.12/bin/../libexec/gcc/x86_64-pc-linux-gnu/6.3.0/:/cvmfs/fermilab.opensciencegrid.org/products/larsoft/gcc/v6_3_0/Linux64bit+2.6-2.12/bin/../libexec/gcc/:/cvmfs/fermilab.opensciencegrid.org/products/larsoft/gcc/v6_3_0/Linux64bit+2.6-2.12/bin/]
  ignore line: [LIBRARY_PATH=/cvmfs/fermilab.opensciencegrid.org/products/larsoft/gcc/v6_3_0/Linux64bit+2.6-2.12/bin/../lib/gcc/x86_64-pc-linux-gnu/6.3.0/:/cvmfs/fermilab.opensciencegrid.org/products/larsoft/gcc/v6_3_0/Linux64bit+2.6-2.12/bin/../lib/gcc/:/cvmfs/fermilab.opensciencegrid.org/products/larsoft/gcc/v6_3_0/Linux64bit+2.6-2.12/bin/../lib/gcc/x86_64-pc-linux-gnu/6.3.0/../../../../lib64/:/lib/../lib64/:/usr/lib/../lib64/:/cvmfs/fermilab.opensciencegrid.org/products/larsoft/libwda/v2_23_0/Linux64bit+2.6-2.12/lib/:/cvmfs/fermilab.opensciencegrid.org/products/larsoft/gcc/v6_3_0/Linux64bit+2.6-2.12/bin/../lib/gcc/x86_64-pc-linux-gnu/6.3.0/../../../:/lib/:/usr/lib/]
  ignore line: [COLLECT_GCC_OPTIONS='-v' '-o' 'cmTC_94766' '-rdynamic' '-mtune=generic' '-march=x86-64']
  link line: [ /cvmfs/fermilab.opensciencegrid.org/products/larsoft/gcc/v6_3_0/Linux64bit+2.6-2.12/bin/../libexec/gcc/x86_64-pc-linux-gnu/6.3.0/collect2 --eh-frame-hdr -m elf_x86_64 -export-dynamic -dynamic-linker /lib64/ld-linux-x86-64.so.2 -o cmTC_94766 /usr/lib/../lib64/crt1.o /usr/lib/../lib64/crti.o /cvmfs/fermilab.opensciencegrid.org/products/larsoft/gcc/v6_3_0/Linux64bit+2.6-2.12/bin/../lib/gcc/x86_64-pc-linux-gnu/6.3.0/crtbegin.o -L/cvmfs/fermilab.opensciencegrid.org/products/larsoft/gcc/v6_3_0/Linux64bit+2.6-2.12/bin/../lib/gcc/x86_64-pc-linux-gnu/6.3.0 -L/cvmfs/fermilab.opensciencegrid.org/products/larsoft/gcc/v6_3_0/Linux64bit+2.6-2.12/bin/../lib/gcc -L/cvmfs/fermilab.opensciencegrid.org/products/larsoft/gcc/v6_3_0/Linux64bit+2.6-2.12/bin/../lib/gcc/x86_64-pc-linux-gnu/6.3.0/../../../../lib64 -L/lib/../lib64 -L/usr/lib/../lib64 -L/cvmfs/fermilab.opensciencegrid.org/products/larsoft/libwda/v2_23_0/Linux64bit+2.6-2.12/lib -L/cvmfs/fermilab.opensciencegrid.org/products/larsoft/gcc/v6_3_0/Linux64bit+2.6-2.12/bin/../lib/gcc/x86_64-pc-linux-gnu/6.3.0/../../.. CMakeFiles/cmTC_94766.dir/CMakeCCompilerABI.c.o -lgcc --as-needed -lgcc_s --no-as-needed -lc -lgcc --as-needed -lgcc_s --no-as-needed /cvmfs/fermilab.opensciencegrid.org/products/larsoft/gcc/v6_3_0/Linux64bit+2.6-2.12/bin/../lib/gcc/x86_64-pc-linux-gnu/6.3.0/crtend.o /usr/lib/../lib64/crtn.o]
    arg [/cvmfs/fermilab.opensciencegrid.org/products/larsoft/gcc/v6_3_0/Linux64bit+2.6-2.12/bin/../libexec/gcc/x86_64-pc-linux-gnu/6.3.0/collect2] ==> ignore
    arg [--eh-frame-hdr] ==> ignore
    arg [-m] ==> ignore
    arg [elf_x86_64] ==> ignore
    arg [-export-dynamic] ==> ignore
    arg [-dynamic-linker] ==> ignore
    arg [/lib64/ld-linux-x86-64.so.2] ==> ignore
    arg [-o] ==> ignore
    arg [cmTC_94766] ==> ignore
    arg [/usr/lib/../lib64/crt1.o] ==> ignore
    arg [/usr/lib/../lib64/crti.o] ==> ignore
    arg [/cvmfs/fermilab.opensciencegrid.org/products/larsoft/gcc/v6_3_0/Linux64bit+2.6-2.12/bin/../lib/gcc/x86_64-pc-linux-gnu/6.3.0/crtbegin.o] ==> ignore
    arg [-L/cvmfs/fermilab.opensciencegrid.org/products/larsoft/gcc/v6_3_0/Linux64bit+2.6-2.12/bin/../lib/gcc/x86_64-pc-linux-gnu/6.3.0] ==> dir [/cvmfs/fermilab.opensciencegrid.org/products/larsoft/gcc/v6_3_0/Linux64bit+2.6-2.12/bin/../lib/gcc/x86_64-pc-linux-gnu/6.3.0]
    arg [-L/cvmfs/fermilab.opensciencegrid.org/products/larsoft/gcc/v6_3_0/Linux64bit+2.6-2.12/bin/../lib/gcc] ==> dir [/cvmfs/fermilab.opensciencegrid.org/products/larsoft/gcc/v6_3_0/Linux64bit+2.6-2.12/bin/../lib/gcc]
    arg [-L/cvmfs/fermilab.opensciencegrid.org/products/larsoft/gcc/v6_3_0/Linux64bit+2.6-2.12/bin/../lib/gcc/x86_64-pc-linux-gnu/6.3.0/../../../../lib64] ==> dir [/cvmfs/fermilab.opensciencegrid.org/products/larsoft/gcc/v6_3_0/Linux64bit+2.6-2.12/bin/../lib/gcc/x86_64-pc-linux-gnu/6.3.0/../../../../lib64]
    arg [-L/lib/../lib64] ==> dir [/lib/../lib64]
    arg [-L/usr/lib/../lib64] ==> dir [/usr/lib/../lib64]
    arg [-L/cvmfs/fermilab.opensciencegrid.org/products/larsoft/libwda/v2_23_0/Linux64bit+2.6-2.12/lib] ==> dir [/cvmfs/fermilab.opensciencegrid.org/products/larsoft/libwda/v2_23_0/Linux64bit+2.6-2.12/lib]
    arg [-L/cvmfs/fermilab.opensciencegrid.org/products/larsoft/gcc/v6_3_0/Linux64bit+2.6-2.12/bin/../lib/gcc/x86_64-pc-linux-gnu/6.3.0/../../..] ==> dir [/cvmfs/fermilab.opensciencegrid.org/products/larsoft/gcc/v6_3_0/Linux64bit+2.6-2.12/bin/../lib/gcc/x86_64-pc-linux-gnu/6.3.0/../../..]
    arg [CMakeFiles/cmTC_94766.dir/CMakeCCompilerABI.c.o] ==> ignore
    arg [-lgcc] ==> lib [gcc]
    arg [--as-needed] ==> ignore
    arg [-lgcc_s] ==> lib [gcc_s]
    arg [--no-as-needed] ==> ignore
    arg [-lc] ==> lib [c]
    arg [-lgcc] ==> lib [gcc]
    arg [--as-needed] ==> ignore
    arg [-lgcc_s] ==> lib [gcc_s]
    arg [--no-as-needed] ==> ignore
    arg [/cvmfs/fermilab.opensciencegrid.org/products/larsoft/gcc/v6_3_0/Linux64bit+2.6-2.12/bin/../lib/gcc/x86_64-pc-linux-gnu/6.3.0/crtend.o] ==> ignore
    arg [/usr/lib/../lib64/crtn.o] ==> ignore
  remove lib [gcc]
  remove lib [gcc_s]
  remove lib [gcc]
  remove lib [gcc_s]
  collapse library dir [/cvmfs/fermilab.opensciencegrid.org/products/larsoft/gcc/v6_3_0/Linux64bit+2.6-2.12/bin/../lib/gcc/x86_64-pc-linux-gnu/6.3.0] ==> [/cvmfs/fermilab.opensciencegrid.org/products/larsoft/gcc/v6_3_0/Linux64bit+2.6-2.12/lib/gcc/x86_64-pc-linux-gnu/6.3.0]
  collapse library dir [/cvmfs/fermilab.opensciencegrid.org/products/larsoft/gcc/v6_3_0/Linux64bit+2.6-2.12/bin/../lib/gcc] ==> [/cvmfs/fermilab.opensciencegrid.org/products/larsoft/gcc/v6_3_0/Linux64bit+2.6-2.12/lib/gcc]
  collapse library dir [/cvmfs/fermilab.opensciencegrid.org/products/larsoft/gcc/v6_3_0/Linux64bit+2.6-2.12/bin/../lib/gcc/x86_64-pc-linux-gnu/6.3.0/../../../../lib64] ==> [/cvmfs/fermilab.opensciencegrid.org/products/larsoft/gcc/v6_3_0/Linux64bit+2.6-2.12/lib64]
  collapse library dir [/lib/../lib64] ==> [/lib64]
  collapse library dir [/usr/lib/../lib64] ==> [/usr/lib64]
  collapse library dir [/cvmfs/fermilab.opensciencegrid.org/products/larsoft/libwda/v2_23_0/Linux64bit+2.6-2.12/lib] ==> [/cvmfs/fermilab.opensciencegrid.org/products/larsoft/libwda/v2_23_0/Linux64bit+2.6-2.12/lib]
  collapse library dir [/cvmfs/fermilab.opensciencegrid.org/products/larsoft/gcc/v6_3_0/Linux64bit+2.6-2.12/bin/../lib/gcc/x86_64-pc-linux-gnu/6.3.0/../../..] ==> [/cvmfs/fermilab.opensciencegrid.org/products/larsoft/gcc/v6_3_0/Linux64bit+2.6-2.12/lib]
  implicit libs: [c]
  implicit dirs: [/cvmfs/fermilab.opensciencegrid.org/products/larsoft/gcc/v6_3_0/Linux64bit+2.6-2.12/lib/gcc/x86_64-pc-linux-gnu/6.3.0;/cvmfs/fermilab.opensciencegrid.org/products/larsoft/gcc/v6_3_0/Linux64bit+2.6-2.12/lib/gcc;/cvmfs/fermilab.opensciencegrid.org/products/larsoft/gcc/v6_3_0/Linux64bit+2.6-2.12/lib64;/lib64;/usr/lib64;/cvmfs/fermilab.opensciencegrid.org/products/larsoft/libwda/v2_23_0/Linux64bit+2.6-2.12/lib;/cvmfs/fermilab.opensciencegrid.org/products/larsoft/gcc/v6_3_0/Linux64bit+2.6-2.12/lib]
  implicit fwks: []




Detecting C [-std=c11] compiler features compiled with the following output:
Change Dir: /dune/app/users/soughton/larsoft_v06_43_00/build_slf6.x86_64/CMakeFiles/CMakeTmp

Run Build Command:"/usr/bin/gmake" "cmTC_37091/fast"
/usr/bin/gmake -f CMakeFiles/cmTC_37091.dir/build.make CMakeFiles/cmTC_37091.dir/build
gmake[1]: Entering directory `/dune/app/users/soughton/larsoft_v06_43_00/build_slf6.x86_64/CMakeFiles/CMakeTmp'
Building C object CMakeFiles/cmTC_37091.dir/feature_tests.c.o
/cvmfs/fermilab.opensciencegrid.org/products/larsoft/gcc/v6_3_0/Linux64bit+2.6-2.12/bin/gcc    -std=c11 -o CMakeFiles/cmTC_37091.dir/feature_tests.c.o   -c /dune/app/users/soughton/larsoft_v06_43_00/build_slf6.x86_64/CMakeFiles/feature_tests.c
Linking C executable cmTC_37091
/cvmfs/fermilab.opensciencegrid.org/products/larsoft/cmake/v3_7_1/Linux64bit+2.6-2.12/bin/cmake -E cmake_link_script CMakeFiles/cmTC_37091.dir/link.txt --verbose=1
/cvmfs/fermilab.opensciencegrid.org/products/larsoft/gcc/v6_3_0/Linux64bit+2.6-2.12/bin/gcc       CMakeFiles/cmTC_37091.dir/feature_tests.c.o  -o cmTC_37091 -rdynamic 
gmake[1]: Leaving directory `/dune/app/users/soughton/larsoft_v06_43_00/build_slf6.x86_64/CMakeFiles/CMakeTmp'


    Feature record: C_FEATURE:1c_function_prototypes
    Feature record: C_FEATURE:1c_restrict
    Feature record: C_FEATURE:1c_static_assert
    Feature record: C_FEATURE:1c_variadic_macros


Detecting C [-std=c99] compiler features compiled with the following output:
Change Dir: /dune/app/users/soughton/larsoft_v06_43_00/build_slf6.x86_64/CMakeFiles/CMakeTmp

Run Build Command:"/usr/bin/gmake" "cmTC_01bb9/fast"
/usr/bin/gmake -f CMakeFiles/cmTC_01bb9.dir/build.make CMakeFiles/cmTC_01bb9.dir/build
gmake[1]: Entering directory `/dune/app/users/soughton/larsoft_v06_43_00/build_slf6.x86_64/CMakeFiles/CMakeTmp'
Building C object CMakeFiles/cmTC_01bb9.dir/feature_tests.c.o
/cvmfs/fermilab.opensciencegrid.org/products/larsoft/gcc/v6_3_0/Linux64bit+2.6-2.12/bin/gcc    -std=c99 -o CMakeFiles/cmTC_01bb9.dir/feature_tests.c.o   -c /dune/app/users/soughton/larsoft_v06_43_00/build_slf6.x86_64/CMakeFiles/feature_tests.c
Linking C executable cmTC_01bb9
/cvmfs/fermilab.opensciencegrid.org/products/larsoft/cmake/v3_7_1/Linux64bit+2.6-2.12/bin/cmake -E cmake_link_script CMakeFiles/cmTC_01bb9.dir/link.txt --verbose=1
/cvmfs/fermilab.opensciencegrid.org/products/larsoft/gcc/v6_3_0/Linux64bit+2.6-2.12/bin/gcc       CMakeFiles/cmTC_01bb9.dir/feature_tests.c.o  -o cmTC_01bb9 -rdynamic 
gmake[1]: Leaving directory `/dune/app/users/soughton/larsoft_v06_43_00/build_slf6.x86_64/CMakeFiles/CMakeTmp'


    Feature record: C_FEATURE:1c_function_prototypes
    Feature record: C_FEATURE:1c_restrict
    Feature record: C_FEATURE:0c_static_assert
    Feature record: C_FEATURE:1c_variadic_macros


Detecting C [-std=c90] compiler features compiled with the following output:
Change Dir: /dune/app/users/soughton/larsoft_v06_43_00/build_slf6.x86_64/CMakeFiles/CMakeTmp

Run Build Command:"/usr/bin/gmake" "cmTC_6711a/fast"
/usr/bin/gmake -f CMakeFiles/cmTC_6711a.dir/build.make CMakeFiles/cmTC_6711a.dir/build
gmake[1]: Entering directory `/dune/app/users/soughton/larsoft_v06_43_00/build_slf6.x86_64/CMakeFiles/CMakeTmp'
Building C object CMakeFiles/cmTC_6711a.dir/feature_tests.c.o
/cvmfs/fermilab.opensciencegrid.org/products/larsoft/gcc/v6_3_0/Linux64bit+2.6-2.12/bin/gcc    -std=c90 -o CMakeFiles/cmTC_6711a.dir/feature_tests.c.o   -c /dune/app/users/soughton/larsoft_v06_43_00/build_slf6.x86_64/CMakeFiles/feature_tests.c
Linking C executable cmTC_6711a
/cvmfs/fermilab.opensciencegrid.org/products/larsoft/cmake/v3_7_1/Linux64bit+2.6-2.12/bin/cmake -E cmake_link_script CMakeFiles/cmTC_6711a.dir/link.txt --verbose=1
/cvmfs/fermilab.opensciencegrid.org/products/larsoft/gcc/v6_3_0/Linux64bit+2.6-2.12/bin/gcc       CMakeFiles/cmTC_6711a.dir/feature_tests.c.o  -o cmTC_6711a -rdynamic 
gmake[1]: Leaving directory `/dune/app/users/soughton/larsoft_v06_43_00/build_slf6.x86_64/CMakeFiles/CMakeTmp'


    Feature record: C_FEATURE:1c_function_prototypes
    Feature record: C_FEATURE:0c_restrict
    Feature record: C_FEATURE:0c_static_assert
    Feature record: C_FEATURE:0c_variadic_macros
Determining if the CXX compiler works passed with the following output:
Change Dir: /dune/app/users/soughton/larsoft_v06_43_00/build_slf6.x86_64/CMakeFiles/CMakeTmp

Run Build Command:"/usr/bin/gmake" "cmTC_730b6/fast"
/usr/bin/gmake -f CMakeFiles/cmTC_730b6.dir/build.make CMakeFiles/cmTC_730b6.dir/build
gmake[1]: Entering directory `/dune/app/users/soughton/larsoft_v06_43_00/build_slf6.x86_64/CMakeFiles/CMakeTmp'
Building CXX object CMakeFiles/cmTC_730b6.dir/testCXXCompiler.cxx.o
/cvmfs/fermilab.opensciencegrid.org/products/larsoft/gcc/v6_3_0/Linux64bit+2.6-2.12/bin/g++      -o CMakeFiles/cmTC_730b6.dir/testCXXCompiler.cxx.o -c /dune/app/users/soughton/larsoft_v06_43_00/build_slf6.x86_64/CMakeFiles/CMakeTmp/testCXXCompiler.cxx
Linking CXX executable cmTC_730b6
/cvmfs/fermilab.opensciencegrid.org/products/larsoft/cmake/v3_7_1/Linux64bit+2.6-2.12/bin/cmake -E cmake_link_script CMakeFiles/cmTC_730b6.dir/link.txt --verbose=1
/cvmfs/fermilab.opensciencegrid.org/products/larsoft/gcc/v6_3_0/Linux64bit+2.6-2.12/bin/g++        CMakeFiles/cmTC_730b6.dir/testCXXCompiler.cxx.o  -o cmTC_730b6 -rdynamic 
gmake[1]: Leaving directory `/dune/app/users/soughton/larsoft_v06_43_00/build_slf6.x86_64/CMakeFiles/CMakeTmp'


Detecting CXX compiler ABI info compiled with the following output:
Change Dir: /dune/app/users/soughton/larsoft_v06_43_00/build_slf6.x86_64/CMakeFiles/CMakeTmp

Run Build Command:"/usr/bin/gmake" "cmTC_f42bd/fast"
/usr/bin/gmake -f CMakeFiles/cmTC_f42bd.dir/build.make CMakeFiles/cmTC_f42bd.dir/build
gmake[1]: Entering directory `/dune/app/users/soughton/larsoft_v06_43_00/build_slf6.x86_64/CMakeFiles/CMakeTmp'
Building CXX object CMakeFiles/cmTC_f42bd.dir/CMakeCXXCompilerABI.cpp.o
/cvmfs/fermilab.opensciencegrid.org/products/larsoft/gcc/v6_3_0/Linux64bit+2.6-2.12/bin/g++      -o CMakeFiles/cmTC_f42bd.dir/CMakeCXXCompilerABI.cpp.o -c /cvmfs/fermilab.opensciencegrid.org/products/larsoft/cmake/v3_7_1/Linux64bit+2.6-2.12/share/cmake-3.7/Modules/CMakeCXXCompilerABI.cpp
Linking CXX executable cmTC_f42bd
/cvmfs/fermilab.opensciencegrid.org/products/larsoft/cmake/v3_7_1/Linux64bit+2.6-2.12/bin/cmake -E cmake_link_script CMakeFiles/cmTC_f42bd.dir/link.txt --verbose=1
/cvmfs/fermilab.opensciencegrid.org/products/larsoft/gcc/v6_3_0/Linux64bit+2.6-2.12/bin/g++       -v CMakeFiles/cmTC_f42bd.dir/CMakeCXXCompilerABI.cpp.o  -o cmTC_f42bd -rdynamic  
Using built-in specs.
COLLECT_GCC=/cvmfs/fermilab.opensciencegrid.org/products/larsoft/gcc/v6_3_0/Linux64bit+2.6-2.12/bin/g++
COLLECT_LTO_WRAPPER=/cvmfs/fermilab.opensciencegrid.org/products/larsoft/gcc/v6_3_0/Linux64bit+2.6-2.12/bin/../libexec/gcc/x86_64-pc-linux-gnu/6.3.0/lto-wrapper
Target: x86_64-pc-linux-gnu
Configured with: ./configure --prefix=/scratch/workspace/art-build-base/v6_3_0/SLF6/build/gcc/v6_3_0/Linux64bit+2.6-2.12 --disable-libgcj --enable-threads=posix --enable-__cxa_atexit --enable-languages=c,c++,fortran,lto --with-system-zlib --enable-libstdcxx-time=rt --enable-stage1-checking=yes --enable-checking=release --enable-lto --enable-plugin
Thread model: posix
gcc version 6.3.0 (GCC) 
COMPILER_PATH=/cvmfs/fermilab.opensciencegrid.org/products/larsoft/gcc/v6_3_0/Linux64bit+2.6-2.12/bin/../libexec/gcc/x86_64-pc-linux-gnu/6.3.0/:/cvmfs/fermilab.opensciencegrid.org/products/larsoft/gcc/v6_3_0/Linux64bit+2.6-2.12/bin/../libexec/gcc/:/cvmfs/fermilab.opensciencegrid.org/products/larsoft/gcc/v6_3_0/Linux64bit+2.6-2.12/bin/
LIBRARY_PATH=/cvmfs/fermilab.opensciencegrid.org/products/larsoft/gcc/v6_3_0/Linux64bit+2.6-2.12/bin/../lib/gcc/x86_64-pc-linux-gnu/6.3.0/:/cvmfs/fermilab.opensciencegrid.org/products/larsoft/gcc/v6_3_0/Linux64bit+2.6-2.12/bin/../lib/gcc/:/cvmfs/fermilab.opensciencegrid.org/products/larsoft/gcc/v6_3_0/Linux64bit+2.6-2.12/bin/../lib/gcc/x86_64-pc-linux-gnu/6.3.0/../../../../lib64/:/lib/../lib64/:/usr/lib/../lib64/:/cvmfs/fermilab.opensciencegrid.org/products/larsoft/libwda/v2_23_0/Linux64bit+2.6-2.12/lib/:/cvmfs/fermilab.opensciencegrid.org/products/larsoft/gcc/v6_3_0/Linux64bit+2.6-2.12/bin/../lib/gcc/x86_64-pc-linux-gnu/6.3.0/../../../:/lib/:/usr/lib/
COLLECT_GCC_OPTIONS='-v' '-o' 'cmTC_f42bd' '-rdynamic' '-shared-libgcc' '-mtune=generic' '-march=x86-64'
 /cvmfs/fermilab.opensciencegrid.org/products/larsoft/gcc/v6_3_0/Linux64bit+2.6-2.12/bin/../libexec/gcc/x86_64-pc-linux-gnu/6.3.0/collect2 --eh-frame-hdr -m elf_x86_64 -export-dynamic -dynamic-linker /lib64/ld-linux-x86-64.so.2 -o cmTC_f42bd /usr/lib/../lib64/crt1.o /usr/lib/../lib64/crti.o /cvmfs/fermilab.opensciencegrid.org/products/larsoft/gcc/v6_3_0/Linux64bit+2.6-2.12/bin/../lib/gcc/x86_64-pc-linux-gnu/6.3.0/crtbegin.o -L/cvmfs/fermilab.opensciencegrid.org/products/larsoft/gcc/v6_3_0/Linux64bit+2.6-2.12/bin/../lib/gcc/x86_64-pc-linux-gnu/6.3.0 -L/cvmfs/fermilab.opensciencegrid.org/products/larsoft/gcc/v6_3_0/Linux64bit+2.6-2.12/bin/../lib/gcc -L/cvmfs/fermilab.opensciencegrid.org/products/larsoft/gcc/v6_3_0/Linux64bit+2.6-2.12/bin/../lib/gcc/x86_64-pc-linux-gnu/6.3.0/../../../../lib64 -L/lib/../lib64 -L/usr/lib/../lib64 -L/cvmfs/fermilab.opensciencegrid.org/products/larsoft/libwda/v2_23_0/Linux64bit+2.6-2.12/lib -L/cvmfs/fermilab.opensciencegrid.org/products/larsoft/gcc/v6_3_0/Linux64bit+2.6-2.12/bin/../lib/gcc/x86_64-pc-linux-gnu/6.3.0/../../.. CMakeFiles/cmTC_f42bd.dir/CMakeCXXCompilerABI.cpp.o -lstdc++ -lm -lgcc_s -lgcc -lc -lgcc_s -lgcc /cvmfs/fermilab.opensciencegrid.org/products/larsoft/gcc/v6_3_0/Linux64bit+2.6-2.12/bin/../lib/gcc/x86_64-pc-linux-gnu/6.3.0/crtend.o /usr/lib/../lib64/crtn.o
COLLECT_GCC_OPTIONS='-v' '-o' 'cmTC_f42bd' '-rdynamic' '-shared-libgcc' '-mtune=generic' '-march=x86-64'
gmake[1]: Leaving directory `/dune/app/users/soughton/larsoft_v06_43_00/build_slf6.x86_64/CMakeFiles/CMakeTmp'


Parsed CXX implicit link information from above output:
  link line regex: [^( *|.*[/\])(ld|([^/\]+-)?ld|collect2)[^/\]*( |$)]
  ignore line: [Change Dir: /dune/app/users/soughton/larsoft_v06_43_00/build_slf6.x86_64/CMakeFiles/CMakeTmp]
  ignore line: []
  ignore line: [Run Build Command:"/usr/bin/gmake" "cmTC_f42bd/fast"]
  ignore line: [/usr/bin/gmake -f CMakeFiles/cmTC_f42bd.dir/build.make CMakeFiles/cmTC_f42bd.dir/build]
  ignore line: [gmake[1]: Entering directory `/dune/app/users/soughton/larsoft_v06_43_00/build_slf6.x86_64/CMakeFiles/CMakeTmp']
  ignore line: [Building CXX object CMakeFiles/cmTC_f42bd.dir/CMakeCXXCompilerABI.cpp.o]
  ignore line: [/cvmfs/fermilab.opensciencegrid.org/products/larsoft/gcc/v6_3_0/Linux64bit+2.6-2.12/bin/g++      -o CMakeFiles/cmTC_f42bd.dir/CMakeCXXCompilerABI.cpp.o -c /cvmfs/fermilab.opensciencegrid.org/products/larsoft/cmake/v3_7_1/Linux64bit+2.6-2.12/share/cmake-3.7/Modules/CMakeCXXCompilerABI.cpp]
  ignore line: [Linking CXX executable cmTC_f42bd]
  ignore line: [/cvmfs/fermilab.opensciencegrid.org/products/larsoft/cmake/v3_7_1/Linux64bit+2.6-2.12/bin/cmake -E cmake_link_script CMakeFiles/cmTC_f42bd.dir/link.txt --verbose=1]
  ignore line: [/cvmfs/fermilab.opensciencegrid.org/products/larsoft/gcc/v6_3_0/Linux64bit+2.6-2.12/bin/g++       -v CMakeFiles/cmTC_f42bd.dir/CMakeCXXCompilerABI.cpp.o  -o cmTC_f42bd -rdynamic  ]
  ignore line: [Using built-in specs.]
  ignore line: [COLLECT_GCC=/cvmfs/fermilab.opensciencegrid.org/products/larsoft/gcc/v6_3_0/Linux64bit+2.6-2.12/bin/g++]
  ignore line: [COLLECT_LTO_WRAPPER=/cvmfs/fermilab.opensciencegrid.org/products/larsoft/gcc/v6_3_0/Linux64bit+2.6-2.12/bin/../libexec/gcc/x86_64-pc-linux-gnu/6.3.0/lto-wrapper]
  ignore line: [Target: x86_64-pc-linux-gnu]
  ignore line: [Configured with: ./configure --prefix=/scratch/workspace/art-build-base/v6_3_0/SLF6/build/gcc/v6_3_0/Linux64bit+2.6-2.12 --disable-libgcj --enable-threads=posix --enable-__cxa_atexit --enable-languages=c,c++,fortran,lto --with-system-zlib --enable-libstdcxx-time=rt --enable-stage1-checking=yes --enable-checking=release --enable-lto --enable-plugin]
  ignore line: [Thread model: posix]
  ignore line: [gcc version 6.3.0 (GCC) ]
  ignore line: [COMPILER_PATH=/cvmfs/fermilab.opensciencegrid.org/products/larsoft/gcc/v6_3_0/Linux64bit+2.6-2.12/bin/../libexec/gcc/x86_64-pc-linux-gnu/6.3.0/:/cvmfs/fermilab.opensciencegrid.org/products/larsoft/gcc/v6_3_0/Linux64bit+2.6-2.12/bin/../libexec/gcc/:/cvmfs/fermilab.opensciencegrid.org/products/larsoft/gcc/v6_3_0/Linux64bit+2.6-2.12/bin/]
  ignore line: [LIBRARY_PATH=/cvmfs/fermilab.opensciencegrid.org/products/larsoft/gcc/v6_3_0/Linux64bit+2.6-2.12/bin/../lib/gcc/x86_64-pc-linux-gnu/6.3.0/:/cvmfs/fermilab.opensciencegrid.org/products/larsoft/gcc/v6_3_0/Linux64bit+2.6-2.12/bin/../lib/gcc/:/cvmfs/fermilab.opensciencegrid.org/products/larsoft/gcc/v6_3_0/Linux64bit+2.6-2.12/bin/../lib/gcc/x86_64-pc-linux-gnu/6.3.0/../../../../lib64/:/lib/../lib64/:/usr/lib/../lib64/:/cvmfs/fermilab.opensciencegrid.org/products/larsoft/libwda/v2_23_0/Linux64bit+2.6-2.12/lib/:/cvmfs/fermilab.opensciencegrid.org/products/larsoft/gcc/v6_3_0/Linux64bit+2.6-2.12/bin/../lib/gcc/x86_64-pc-linux-gnu/6.3.0/../../../:/lib/:/usr/lib/]
  ignore line: [COLLECT_GCC_OPTIONS='-v' '-o' 'cmTC_f42bd' '-rdynamic' '-shared-libgcc' '-mtune=generic' '-march=x86-64']
  link line: [ /cvmfs/fermilab.opensciencegrid.org/products/larsoft/gcc/v6_3_0/Linux64bit+2.6-2.12/bin/../libexec/gcc/x86_64-pc-linux-gnu/6.3.0/collect2 --eh-frame-hdr -m elf_x86_64 -export-dynamic -dynamic-linker /lib64/ld-linux-x86-64.so.2 -o cmTC_f42bd /usr/lib/../lib64/crt1.o /usr/lib/../lib64/crti.o /cvmfs/fermilab.opensciencegrid.org/products/larsoft/gcc/v6_3_0/Linux64bit+2.6-2.12/bin/../lib/gcc/x86_64-pc-linux-gnu/6.3.0/crtbegin.o -L/cvmfs/fermilab.opensciencegrid.org/products/larsoft/gcc/v6_3_0/Linux64bit+2.6-2.12/bin/../lib/gcc/x86_64-pc-linux-gnu/6.3.0 -L/cvmfs/fermilab.opensciencegrid.org/products/larsoft/gcc/v6_3_0/Linux64bit+2.6-2.12/bin/../lib/gcc -L/cvmfs/fermilab.opensciencegrid.org/products/larsoft/gcc/v6_3_0/Linux64bit+2.6-2.12/bin/../lib/gcc/x86_64-pc-linux-gnu/6.3.0/../../../../lib64 -L/lib/../lib64 -L/usr/lib/../lib64 -L/cvmfs/fermilab.opensciencegrid.org/products/larsoft/libwda/v2_23_0/Linux64bit+2.6-2.12/lib -L/cvmfs/fermilab.opensciencegrid.org/products/larsoft/gcc/v6_3_0/Linux64bit+2.6-2.12/bin/../lib/gcc/x86_64-pc-linux-gnu/6.3.0/../../.. CMakeFiles/cmTC_f42bd.dir/CMakeCXXCompilerABI.cpp.o -lstdc++ -lm -lgcc_s -lgcc -lc -lgcc_s -lgcc /cvmfs/fermilab.opensciencegrid.org/products/larsoft/gcc/v6_3_0/Linux64bit+2.6-2.12/bin/../lib/gcc/x86_64-pc-linux-gnu/6.3.0/crtend.o /usr/lib/../lib64/crtn.o]
    arg [/cvmfs/fermilab.opensciencegrid.org/products/larsoft/gcc/v6_3_0/Linux64bit+2.6-2.12/bin/../libexec/gcc/x86_64-pc-linux-gnu/6.3.0/collect2] ==> ignore
    arg [--eh-frame-hdr] ==> ignore
    arg [-m] ==> ignore
    arg [elf_x86_64] ==> ignore
    arg [-export-dynamic] ==> ignore
    arg [-dynamic-linker] ==> ignore
    arg [/lib64/ld-linux-x86-64.so.2] ==> ignore
    arg [-o] ==> ignore
    arg [cmTC_f42bd] ==> ignore
    arg [/usr/lib/../lib64/crt1.o] ==> ignore
    arg [/usr/lib/../lib64/crti.o] ==> ignore
    arg [/cvmfs/fermilab.opensciencegrid.org/products/larsoft/gcc/v6_3_0/Linux64bit+2.6-2.12/bin/../lib/gcc/x86_64-pc-linux-gnu/6.3.0/crtbegin.o] ==> ignore
    arg [-L/cvmfs/fermilab.opensciencegrid.org/products/larsoft/gcc/v6_3_0/Linux64bit+2.6-2.12/bin/../lib/gcc/x86_64-pc-linux-gnu/6.3.0] ==> dir [/cvmfs/fermilab.opensciencegrid.org/products/larsoft/gcc/v6_3_0/Linux64bit+2.6-2.12/bin/../lib/gcc/x86_64-pc-linux-gnu/6.3.0]
    arg [-L/cvmfs/fermilab.opensciencegrid.org/products/larsoft/gcc/v6_3_0/Linux64bit+2.6-2.12/bin/../lib/gcc] ==> dir [/cvmfs/fermilab.opensciencegrid.org/products/larsoft/gcc/v6_3_0/Linux64bit+2.6-2.12/bin/../lib/gcc]
    arg [-L/cvmfs/fermilab.opensciencegrid.org/products/larsoft/gcc/v6_3_0/Linux64bit+2.6-2.12/bin/../lib/gcc/x86_64-pc-linux-gnu/6.3.0/../../../../lib64] ==> dir [/cvmfs/fermilab.opensciencegrid.org/products/larsoft/gcc/v6_3_0/Linux64bit+2.6-2.12/bin/../lib/gcc/x86_64-pc-linux-gnu/6.3.0/../../../../lib64]
    arg [-L/lib/../lib64] ==> dir [/lib/../lib64]
    arg [-L/usr/lib/../lib64] ==> dir [/usr/lib/../lib64]
    arg [-L/cvmfs/fermilab.opensciencegrid.org/products/larsoft/libwda/v2_23_0/Linux64bit+2.6-2.12/lib] ==> dir [/cvmfs/fermilab.opensciencegrid.org/products/larsoft/libwda/v2_23_0/Linux64bit+2.6-2.12/lib]
    arg [-L/cvmfs/fermilab.opensciencegrid.org/products/larsoft/gcc/v6_3_0/Linux64bit+2.6-2.12/bin/../lib/gcc/x86_64-pc-linux-gnu/6.3.0/../../..] ==> dir [/cvmfs/fermilab.opensciencegrid.org/products/larsoft/gcc/v6_3_0/Linux64bit+2.6-2.12/bin/../lib/gcc/x86_64-pc-linux-gnu/6.3.0/../../..]
    arg [CMakeFiles/cmTC_f42bd.dir/CMakeCXXCompilerABI.cpp.o] ==> ignore
    arg [-lstdc++] ==> lib [stdc++]
    arg [-lm] ==> lib [m]
    arg [-lgcc_s] ==> lib [gcc_s]
    arg [-lgcc] ==> lib [gcc]
    arg [-lc] ==> lib [c]
    arg [-lgcc_s] ==> lib [gcc_s]
    arg [-lgcc] ==> lib [gcc]
    arg [/cvmfs/fermilab.opensciencegrid.org/products/larsoft/gcc/v6_3_0/Linux64bit+2.6-2.12/bin/../lib/gcc/x86_64-pc-linux-gnu/6.3.0/crtend.o] ==> ignore
    arg [/usr/lib/../lib64/crtn.o] ==> ignore
  remove lib [gcc_s]
  remove lib [gcc]
  remove lib [gcc_s]
  remove lib [gcc]
  collapse library dir [/cvmfs/fermilab.opensciencegrid.org/products/larsoft/gcc/v6_3_0/Linux64bit+2.6-2.12/bin/../lib/gcc/x86_64-pc-linux-gnu/6.3.0] ==> [/cvmfs/fermilab.opensciencegrid.org/products/larsoft/gcc/v6_3_0/Linux64bit+2.6-2.12/lib/gcc/x86_64-pc-linux-gnu/6.3.0]
  collapse library dir [/cvmfs/fermilab.opensciencegrid.org/products/larsoft/gcc/v6_3_0/Linux64bit+2.6-2.12/bin/../lib/gcc] ==> [/cvmfs/fermilab.opensciencegrid.org/products/larsoft/gcc/v6_3_0/Linux64bit+2.6-2.12/lib/gcc]
  collapse library dir [/cvmfs/fermilab.opensciencegrid.org/products/larsoft/gcc/v6_3_0/Linux64bit+2.6-2.12/bin/../lib/gcc/x86_64-pc-linux-gnu/6.3.0/../../../../lib64] ==> [/cvmfs/fermilab.opensciencegrid.org/products/larsoft/gcc/v6_3_0/Linux64bit+2.6-2.12/lib64]
  collapse library dir [/lib/../lib64] ==> [/lib64]
  collapse library dir [/usr/lib/../lib64] ==> [/usr/lib64]
  collapse library dir [/cvmfs/fermilab.opensciencegrid.org/products/larsoft/libwda/v2_23_0/Linux64bit+2.6-2.12/lib] ==> [/cvmfs/fermilab.opensciencegrid.org/products/larsoft/libwda/v2_23_0/Linux64bit+2.6-2.12/lib]
  collapse library dir [/cvmfs/fermilab.opensciencegrid.org/products/larsoft/gcc/v6_3_0/Linux64bit+2.6-2.12/bin/../lib/gcc/x86_64-pc-linux-gnu/6.3.0/../../..] ==> [/cvmfs/fermilab.opensciencegrid.org/products/larsoft/gcc/v6_3_0/Linux64bit+2.6-2.12/lib]
  implicit libs: [stdc++;m;c]
  implicit dirs: [/cvmfs/fermilab.opensciencegrid.org/products/larsoft/gcc/v6_3_0/Linux64bit+2.6-2.12/lib/gcc/x86_64-pc-linux-gnu/6.3.0;/cvmfs/fermilab.opensciencegrid.org/products/larsoft/gcc/v6_3_0/Linux64bit+2.6-2.12/lib/gcc;/cvmfs/fermilab.opensciencegrid.org/products/larsoft/gcc/v6_3_0/Linux64bit+2.6-2.12/lib64;/lib64;/usr/lib64;/cvmfs/fermilab.opensciencegrid.org/products/larsoft/libwda/v2_23_0/Linux64bit+2.6-2.12/lib;/cvmfs/fermilab.opensciencegrid.org/products/larsoft/gcc/v6_3_0/Linux64bit+2.6-2.12/lib]
  implicit fwks: []




Detecting CXX [-std=c++14] compiler features compiled with the following output:
Change Dir: /dune/app/users/soughton/larsoft_v06_43_00/build_slf6.x86_64/CMakeFiles/CMakeTmp

Run Build Command:"/usr/bin/gmake" "cmTC_fd537/fast"
/usr/bin/gmake -f CMakeFiles/cmTC_fd537.dir/build.make CMakeFiles/cmTC_fd537.dir/build
gmake[1]: Entering directory `/dune/app/users/soughton/larsoft_v06_43_00/build_slf6.x86_64/CMakeFiles/CMakeTmp'
Building CXX object CMakeFiles/cmTC_fd537.dir/feature_tests.cxx.o
/cvmfs/fermilab.opensciencegrid.org/products/larsoft/gcc/v6_3_0/Linux64bit+2.6-2.12/bin/g++     -std=c++14 -o CMakeFiles/cmTC_fd537.dir/feature_tests.cxx.o -c /dune/app/users/soughton/larsoft_v06_43_00/build_slf6.x86_64/CMakeFiles/feature_tests.cxx
Linking CXX executable cmTC_fd537
/cvmfs/fermilab.opensciencegrid.org/products/larsoft/cmake/v3_7_1/Linux64bit+2.6-2.12/bin/cmake -E cmake_link_script CMakeFiles/cmTC_fd537.dir/link.txt --verbose=1
/cvmfs/fermilab.opensciencegrid.org/products/larsoft/gcc/v6_3_0/Linux64bit+2.6-2.12/bin/g++        CMakeFiles/cmTC_fd537.dir/feature_tests.cxx.o  -o cmTC_fd537 -rdynamic 
gmake[1]: Leaving directory `/dune/app/users/soughton/larsoft_v06_43_00/build_slf6.x86_64/CMakeFiles/CMakeTmp'


    Feature record: CXX_FEATURE:1cxx_aggregate_default_initializers
    Feature record: CXX_FEATURE:1cxx_alias_templates
    Feature record: CXX_FEATURE:1cxx_alignas
    Feature record: CXX_FEATURE:1cxx_alignof
    Feature record: CXX_FEATURE:1cxx_attributes
    Feature record: CXX_FEATURE:1cxx_attribute_deprecated
    Feature record: CXX_FEATURE:1cxx_auto_type
    Feature record: CXX_FEATURE:1cxx_binary_literals
    Feature record: CXX_FEATURE:1cxx_constexpr
    Feature record: CXX_FEATURE:1cxx_contextual_conversions
    Feature record: CXX_FEATURE:1cxx_decltype
    Feature record: CXX_FEATURE:1cxx_decltype_auto
    Feature record: CXX_FEATURE:1cxx_decltype_incomplete_return_types
    Feature record: CXX_FEATURE:1cxx_default_function_template_args
    Feature record: CXX_FEATURE:1cxx_defaulted_functions
    Feature record: CXX_FEATURE:1cxx_defaulted_move_initializers
    Feature record: CXX_FEATURE:1cxx_delegating_constructors
    Feature record: CXX_FEATURE:1cxx_deleted_functions
    Feature record: CXX_FEATURE:1cxx_digit_separators
    Feature record: CXX_FEATURE:1cxx_enum_forward_declarations
    Feature record: CXX_FEATURE:1cxx_explicit_conversions
    Feature record: CXX_FEATURE:1cxx_extended_friend_declarations
    Feature record: CXX_FEATURE:1cxx_extern_templates
    Feature record: CXX_FEATURE:1cxx_final
    Feature record: CXX_FEATURE:1cxx_func_identifier
    Feature record: CXX_FEATURE:1cxx_generalized_initializers
    Feature record: CXX_FEATURE:1cxx_generic_lambdas
    Feature record: CXX_FEATURE:1cxx_inheriting_constructors
    Feature record: CXX_FEATURE:1cxx_inline_namespaces
    Feature record: CXX_FEATURE:1cxx_lambdas
    Feature record: CXX_FEATURE:1cxx_lambda_init_captures
    Feature record: CXX_FEATURE:1cxx_local_type_template_args
    Feature record: CXX_FEATURE:1cxx_long_long_type
    Feature record: CXX_FEATURE:1cxx_noexcept
    Feature record: CXX_FEATURE:1cxx_nonstatic_member_init
    Feature record: CXX_FEATURE:1cxx_nullptr
    Feature record: CXX_FEATURE:1cxx_override
    Feature record: CXX_FEATURE:1cxx_range_for
    Feature record: CXX_FEATURE:1cxx_raw_string_literals
    Feature record: CXX_FEATURE:1cxx_reference_qualified_functions
    Feature record: CXX_FEATURE:1cxx_relaxed_constexpr
    Feature record: CXX_FEATURE:1cxx_return_type_deduction
    Feature record: CXX_FEATURE:1cxx_right_angle_brackets
    Feature record: CXX_FEATURE:1cxx_rvalue_references
    Feature record: CXX_FEATURE:1cxx_sizeof_member
    Feature record: CXX_FEATURE:1cxx_static_assert
    Feature record: CXX_FEATURE:1cxx_strong_enums
    Feature record: CXX_FEATURE:1cxx_template_template_parameters
    Feature record: CXX_FEATURE:1cxx_thread_local
    Feature record: CXX_FEATURE:1cxx_trailing_return_types
    Feature record: CXX_FEATURE:1cxx_unicode_literals
    Feature record: CXX_FEATURE:1cxx_uniform_initialization
    Feature record: CXX_FEATURE:1cxx_unrestricted_unions
    Feature record: CXX_FEATURE:1cxx_user_literals
    Feature record: CXX_FEATURE:1cxx_variable_templates
    Feature record: CXX_FEATURE:1cxx_variadic_macros
    Feature record: CXX_FEATURE:1cxx_variadic_templates


Detecting CXX [-std=c++11] compiler features compiled with the following output:
Change Dir: /dune/app/users/soughton/larsoft_v06_43_00/build_slf6.x86_64/CMakeFiles/CMakeTmp

Run Build Command:"/usr/bin/gmake" "cmTC_e9550/fast"
/usr/bin/gmake -f CMakeFiles/cmTC_e9550.dir/build.make CMakeFiles/cmTC_e9550.dir/build
gmake[1]: Entering directory `/dune/app/users/soughton/larsoft_v06_43_00/build_slf6.x86_64/CMakeFiles/CMakeTmp'
Building CXX object CMakeFiles/cmTC_e9550.dir/feature_tests.cxx.o
/cvmfs/fermilab.opensciencegrid.org/products/larsoft/gcc/v6_3_0/Linux64bit+2.6-2.12/bin/g++     -std=c++11 -o CMakeFiles/cmTC_e9550.dir/feature_tests.cxx.o -c /dune/app/users/soughton/larsoft_v06_43_00/build_slf6.x86_64/CMakeFiles/feature_tests.cxx
Linking CXX executable cmTC_e9550
/cvmfs/fermilab.opensciencegrid.org/products/larsoft/cmake/v3_7_1/Linux64bit+2.6-2.12/bin/cmake -E cmake_link_script CMakeFiles/cmTC_e9550.dir/link.txt --verbose=1
/cvmfs/fermilab.opensciencegrid.org/products/larsoft/gcc/v6_3_0/Linux64bit+2.6-2.12/bin/g++        CMakeFiles/cmTC_e9550.dir/feature_tests.cxx.o  -o cmTC_e9550 -rdynamic 
gmake[1]: Leaving directory `/dune/app/users/soughton/larsoft_v06_43_00/build_slf6.x86_64/CMakeFiles/CMakeTmp'


    Feature record: CXX_FEATURE:0cxx_aggregate_default_initializers
    Feature record: CXX_FEATURE:1cxx_alias_templates
    Feature record: CXX_FEATURE:1cxx_alignas
    Feature record: CXX_FEATURE:1cxx_alignof
    Feature record: CXX_FEATURE:1cxx_attributes
    Feature record: CXX_FEATURE:0cxx_attribute_deprecated
    Feature record: CXX_FEATURE:1cxx_auto_type
    Feature record: CXX_FEATURE:0cxx_binary_literals
    Feature record: CXX_FEATURE:1cxx_constexpr
    Feature record: CXX_FEATURE:0cxx_contextual_conversions
    Feature record: CXX_FEATURE:1cxx_decltype
    Feature record: CXX_FEATURE:0cxx_decltype_auto
    Feature record: CXX_FEATURE:1cxx_decltype_incomplete_return_types
    Feature record: CXX_FEATURE:1cxx_default_function_template_args
    Feature record: CXX_FEATURE:1cxx_defaulted_functions
    Feature record: CXX_FEATURE:1cxx_defaulted_move_initializers
    Feature record: CXX_FEATURE:1cxx_delegating_constructors
    Feature record: CXX_FEATURE:1cxx_deleted_functions
    Feature record: CXX_FEATURE:0cxx_digit_separators
    Feature record: CXX_FEATURE:1cxx_enum_forward_declarations
    Feature record: CXX_FEATURE:1cxx_explicit_conversions
    Feature record: CXX_FEATURE:1cxx_extended_friend_declarations
    Feature record: CXX_FEATURE:1cxx_extern_templates
    Feature record: CXX_FEATURE:1cxx_final
    Feature record: CXX_FEATURE:1cxx_func_identifier
    Feature record: CXX_FEATURE:1cxx_generalized_initializers
    Feature record: CXX_FEATURE:0cxx_generic_lambdas
    Feature record: CXX_FEATURE:1cxx_inheriting_constructors
    Feature record: CXX_FEATURE:1cxx_inline_namespaces
    Feature record: CXX_FEATURE:1cxx_lambdas
    Feature record: CXX_FEATURE:0cxx_lambda_init_captures
    Feature record: CXX_FEATURE:1cxx_local_type_template_args
    Feature record: CXX_FEATURE:1cxx_long_long_type
    Feature record: CXX_FEATURE:1cxx_noexcept
    Feature record: CXX_FEATURE:1cxx_nonstatic_member_init
    Feature record: CXX_FEATURE:1cxx_nullptr
    Feature record: CXX_FEATURE:1cxx_override
    Feature record: CXX_FEATURE:1cxx_range_for
    Feature record: CXX_FEATURE:1cxx_raw_string_literals
    Feature record: CXX_FEATURE:1cxx_reference_qualified_functions
    Feature record: CXX_FEATURE:0cxx_relaxed_constexpr
    Feature record: CXX_FEATURE:0cxx_return_type_deduction
    Feature record: CXX_FEATURE:1cxx_right_angle_brackets
    Feature record: CXX_FEATURE:1cxx_rvalue_references
    Feature record: CXX_FEATURE:1cxx_sizeof_member
    Feature record: CXX_FEATURE:1cxx_static_assert
    Feature record: CXX_FEATURE:1cxx_strong_enums
    Feature record: CXX_FEATURE:1cxx_template_template_parameters
    Feature record: CXX_FEATURE:1cxx_thread_local
    Feature record: CXX_FEATURE:1cxx_trailing_return_types
    Feature record: CXX_FEATURE:1cxx_unicode_literals
    Feature record: CXX_FEATURE:1cxx_uniform_initialization
    Feature record: CXX_FEATURE:1cxx_unrestricted_unions
    Feature record: CXX_FEATURE:1cxx_user_literals
    Feature record: CXX_FEATURE:0cxx_variable_templates
    Feature record: CXX_FEATURE:1cxx_variadic_macros
    Feature record: CXX_FEATURE:1cxx_variadic_templates


Detecting CXX [-std=c++98] compiler features compiled with the following output:
Change Dir: /dune/app/users/soughton/larsoft_v06_43_00/build_slf6.x86_64/CMakeFiles/CMakeTmp

Run Build Command:"/usr/bin/gmake" "cmTC_9e116/fast"
/usr/bin/gmake -f CMakeFiles/cmTC_9e116.dir/build.make CMakeFiles/cmTC_9e116.dir/build
gmake[1]: Entering directory `/dune/app/users/soughton/larsoft_v06_43_00/build_slf6.x86_64/CMakeFiles/CMakeTmp'
Building CXX object CMakeFiles/cmTC_9e116.dir/feature_tests.cxx.o
/cvmfs/fermilab.opensciencegrid.org/products/larsoft/gcc/v6_3_0/Linux64bit+2.6-2.12/bin/g++     -std=c++98 -o CMakeFiles/cmTC_9e116.dir/feature_tests.cxx.o -c /dune/app/users/soughton/larsoft_v06_43_00/build_slf6.x86_64/CMakeFiles/feature_tests.cxx
Linking CXX executable cmTC_9e116
/cvmfs/fermilab.opensciencegrid.org/products/larsoft/cmake/v3_7_1/Linux64bit+2.6-2.12/bin/cmake -E cmake_link_script CMakeFiles/cmTC_9e116.dir/link.txt --verbose=1
/cvmfs/fermilab.opensciencegrid.org/products/larsoft/gcc/v6_3_0/Linux64bit+2.6-2.12/bin/g++        CMakeFiles/cmTC_9e116.dir/feature_tests.cxx.o  -o cmTC_9e116 -rdynamic 
gmake[1]: Leaving directory `/dune/app/users/soughton/larsoft_v06_43_00/build_slf6.x86_64/CMakeFiles/CMakeTmp'


    Feature record: CXX_FEATURE:0cxx_aggregate_default_initializers
    Feature record: CXX_FEATURE:0cxx_alias_templates
    Feature record: CXX_FEATURE:0cxx_alignas
    Feature record: CXX_FEATURE:0cxx_alignof
    Feature record: CXX_FEATURE:0cxx_attributes
    Feature record: CXX_FEATURE:0cxx_attribute_deprecated
    Feature record: CXX_FEATURE:0cxx_auto_type
    Feature record: CXX_FEATURE:0cxx_binary_literals
    Feature record: CXX_FEATURE:0cxx_constexpr
    Feature record: CXX_FEATURE:0cxx_contextual_conversions
    Feature record: CXX_FEATURE:0cxx_decltype
    Feature record: CXX_FEATURE:0cxx_decltype_auto
    Feature record: CXX_FEATURE:0cxx_decltype_incomplete_return_types
    Feature record: CXX_FEATURE:0cxx_default_function_template_args
    Feature record: CXX_FEATURE:0cxx_defaulted_functions
    Feature record: CXX_FEATURE:0cxx_defaulted_move_initializers
    Feature record: CXX_FEATURE:0cxx_delegating_constructors
    Feature record: CXX_FEATURE:0cxx_deleted_functions
    Feature record: CXX_FEATURE:0cxx_digit_separators
    Feature record: CXX_FEATURE:0cxx_enum_forward_declarations
    Feature record: CXX_FEATURE:0cxx_explicit_conversions
    Feature record: CXX_FEATURE:0cxx_extended_friend_declarations
    Feature record: CXX_FEATURE:0cxx_extern_templates
    Feature record: CXX_FEATURE:0cxx_final
    Feature record: CXX_FEATURE:0cxx_func_identifier
    Feature record: CXX_FEATURE:0cxx_generalized_initializers
    Feature record: CXX_FEATURE:0cxx_generic_lambdas
    Feature record: CXX_FEATURE:0cxx_inheriting_constructors
    Feature record: CXX_FEATURE:0cxx_inline_namespaces
    Feature record: CXX_FEATURE:0cxx_lambdas
    Feature record: CXX_FEATURE:0cxx_lambda_init_captures
    Feature record: CXX_FEATURE:0cxx_local_type_template_args
    Feature record: CXX_FEATURE:0cxx_long_long_type
    Feature record: CXX_FEATURE:0cxx_noexcept
    Feature record: CXX_FEATURE:0cxx_nonstatic_member_init
    Feature record: CXX_FEATURE:0cxx_nullptr
    Feature record: CXX_FEATURE:0cxx_override
    Feature record: CXX_FEATURE:0cxx_range_for
    Feature record: CXX_FEATURE:0cxx_raw_string_literals
    Feature record: CXX_FEATURE:0cxx_reference_qualified_functions
    Feature record: CXX_FEATURE:0cxx_relaxed_constexpr
    Feature record: CXX_FEATURE:0cxx_return_type_deduction
    Feature record: CXX_FEATURE:0cxx_right_angle_brackets
    Feature record: CXX_FEATURE:0cxx_rvalue_references
    Feature record: CXX_FEATURE:0cxx_sizeof_member
    Feature record: CXX_FEATURE:0cxx_static_assert
    Feature record: CXX_FEATURE:0cxx_strong_enums
    Feature record: CXX_FEATURE:1cxx_template_template_parameters
    Feature record: CXX_FEATURE:0cxx_thread_local
    Feature record: CXX_FEATURE:0cxx_trailing_return_types
    Feature record: CXX_FEATURE:0cxx_unicode_literals
    Feature record: CXX_FEATURE:0cxx_uniform_initialization
    Feature record: CXX_FEATURE:0cxx_unrestricted_unions
    Feature record: CXX_FEATURE:0cxx_user_literals
    Feature record: CXX_FEATURE:0cxx_variable_templates
    Feature record: CXX_FEATURE:0cxx_variadic_macros
    Feature record: CXX_FEATURE:0cxx_variadic_templates
Determining if the include file pthread.h exists passed with the following output:
Change Dir: /dune/app/users/soughton/larsoft_v06_43_00/build_slf6.x86_64/CMakeFiles/CMakeTmp

Run Build Command:"/usr/bin/gmake" "cmTC_31b48/fast"
/usr/bin/gmake -f CMakeFiles/cmTC_31b48.dir/build.make CMakeFiles/cmTC_31b48.dir/build
gmake[1]: Entering directory `/dune/app/users/soughton/larsoft_v06_43_00/build_slf6.x86_64/CMakeFiles/CMakeTmp'
Building C object CMakeFiles/cmTC_31b48.dir/CheckIncludeFile.c.o
/cvmfs/fermilab.opensciencegrid.org/products/larsoft/gcc/v6_3_0/Linux64bit+2.6-2.12/bin/gcc     -o CMakeFiles/cmTC_31b48.dir/CheckIncludeFile.c.o   -c /dune/app/users/soughton/larsoft_v06_43_00/build_slf6.x86_64/CMakeFiles/CMakeTmp/CheckIncludeFile.c
Linking C executable cmTC_31b48
/cvmfs/fermilab.opensciencegrid.org/products/larsoft/cmake/v3_7_1/Linux64bit+2.6-2.12/bin/cmake -E cmake_link_script CMakeFiles/cmTC_31b48.dir/link.txt --verbose=1
/cvmfs/fermilab.opensciencegrid.org/products/larsoft/gcc/v6_3_0/Linux64bit+2.6-2.12/bin/gcc       CMakeFiles/cmTC_31b48.dir/CheckIncludeFile.c.o  -o cmTC_31b48 -rdynamic 
gmake[1]: Leaving directory `/dune/app/users/soughton/larsoft_v06_43_00/build_slf6.x86_64/CMakeFiles/CMakeTmp'


Determining if the function pthread_create exists in the pthread passed with the following output:
Change Dir: /dune/app/users/soughton/larsoft_v06_43_00/build_slf6.x86_64/CMakeFiles/CMakeTmp

Run Build Command:"/usr/bin/gmake" "cmTC_141a8/fast"
/usr/bin/gmake -f CMakeFiles/cmTC_141a8.dir/build.make CMakeFiles/cmTC_141a8.dir/build
gmake[1]: Entering directory `/dune/app/users/soughton/larsoft_v06_43_00/build_slf6.x86_64/CMakeFiles/CMakeTmp'
Building C object CMakeFiles/cmTC_141a8.dir/CheckFunctionExists.c.o
/cvmfs/fermilab.opensciencegrid.org/products/larsoft/gcc/v6_3_0/Linux64bit+2.6-2.12/bin/gcc    -DCHECK_FUNCTION_EXISTS=pthread_create   -o CMakeFiles/cmTC_141a8.dir/CheckFunctionExists.c.o   -c /cvmfs/fermilab.opensciencegrid.org/products/larsoft/cmake/v3_7_1/Linux64bit+2.6-2.12/share/cmake-3.7/Modules/CheckFunctionExists.c
Linking C executable cmTC_141a8
/cvmfs/fermilab.opensciencegrid.org/products/larsoft/cmake/v3_7_1/Linux64bit+2.6-2.12/bin/cmake -E cmake_link_script CMakeFiles/cmTC_141a8.dir/link.txt --verbose=1
/cvmfs/fermilab.opensciencegrid.org/products/larsoft/gcc/v6_3_0/Linux64bit+2.6-2.12/bin/gcc   -DCHECK_FUNCTION_EXISTS=pthread_create    CMakeFiles/cmTC_141a8.dir/CheckFunctionExists.c.o  -o cmTC_141a8 -rdynamic -lpthread 
gmake[1]: Leaving directory `/dune/app/users/soughton/larsoft_v06_43_00/build_slf6.x86_64/CMakeFiles/CMakeTmp'


