Determining if the pthread_create exist failed with the following output:
Change Dir: /dune/app/users/soughton/larsoft_v06_43_00/build_slf6.x86_64/CMakeFiles/CMakeTmp

Run Build Command:"/usr/bin/gmake" "cmTC_607e1/fast"
/usr/bin/gmake -f CMakeFiles/cmTC_607e1.dir/build.make CMakeFiles/cmTC_607e1.dir/build
gmake[1]: Entering directory `/dune/app/users/soughton/larsoft_v06_43_00/build_slf6.x86_64/CMakeFiles/CMakeTmp'
Building C object CMakeFiles/cmTC_607e1.dir/CheckSymbolExists.c.o
/cvmfs/fermilab.opensciencegrid.org/products/larsoft/gcc/v6_3_0/Linux64bit+2.6-2.12/bin/gcc     -o CMakeFiles/cmTC_607e1.dir/CheckSymbolExists.c.o   -c /dune/app/users/soughton/larsoft_v06_43_00/build_slf6.x86_64/CMakeFiles/CMakeTmp/CheckSymbolExists.c
Linking C executable cmTC_607e1
/cvmfs/fermilab.opensciencegrid.org/products/larsoft/cmake/v3_7_1/Linux64bit+2.6-2.12/bin/cmake -E cmake_link_script CMakeFiles/cmTC_607e1.dir/link.txt --verbose=1
/cvmfs/fermilab.opensciencegrid.org/products/larsoft/gcc/v6_3_0/Linux64bit+2.6-2.12/bin/gcc       CMakeFiles/cmTC_607e1.dir/CheckSymbolExists.c.o  -o cmTC_607e1 -rdynamic 
CMakeFiles/cmTC_607e1.dir/CheckSymbolExists.c.o: In function `main':
CheckSymbolExists.c:(.text+0x16): undefined reference to `pthread_create'
collect2: error: ld returned 1 exit status
gmake[1]: *** [cmTC_607e1] Error 1
gmake[1]: Leaving directory `/dune/app/users/soughton/larsoft_v06_43_00/build_slf6.x86_64/CMakeFiles/CMakeTmp'
gmake: *** [cmTC_607e1/fast] Error 2

File /dune/app/users/soughton/larsoft_v06_43_00/build_slf6.x86_64/CMakeFiles/CMakeTmp/CheckSymbolExists.c:
/* */
#include <pthread.h>

int main(int argc, char** argv)
{
  (void)argv;
#ifndef pthread_create
  return ((int*)(&pthread_create))[argc];
#else
  (void)argc;
  return 0;
#endif
}

Determining if the function pthread_create exists in the pthreads failed with the following output:
Change Dir: /dune/app/users/soughton/larsoft_v06_43_00/build_slf6.x86_64/CMakeFiles/CMakeTmp

Run Build Command:"/usr/bin/gmake" "cmTC_f02e7/fast"
/usr/bin/gmake -f CMakeFiles/cmTC_f02e7.dir/build.make CMakeFiles/cmTC_f02e7.dir/build
gmake[1]: Entering directory `/dune/app/users/soughton/larsoft_v06_43_00/build_slf6.x86_64/CMakeFiles/CMakeTmp'
Building C object CMakeFiles/cmTC_f02e7.dir/CheckFunctionExists.c.o
/cvmfs/fermilab.opensciencegrid.org/products/larsoft/gcc/v6_3_0/Linux64bit+2.6-2.12/bin/gcc    -DCHECK_FUNCTION_EXISTS=pthread_create   -o CMakeFiles/cmTC_f02e7.dir/CheckFunctionExists.c.o   -c /cvmfs/fermilab.opensciencegrid.org/products/larsoft/cmake/v3_7_1/Linux64bit+2.6-2.12/share/cmake-3.7/Modules/CheckFunctionExists.c
Linking C executable cmTC_f02e7
/cvmfs/fermilab.opensciencegrid.org/products/larsoft/cmake/v3_7_1/Linux64bit+2.6-2.12/bin/cmake -E cmake_link_script CMakeFiles/cmTC_f02e7.dir/link.txt --verbose=1
/cvmfs/fermilab.opensciencegrid.org/products/larsoft/gcc/v6_3_0/Linux64bit+2.6-2.12/bin/gcc   -DCHECK_FUNCTION_EXISTS=pthread_create    CMakeFiles/cmTC_f02e7.dir/CheckFunctionExists.c.o  -o cmTC_f02e7 -rdynamic -lpthreads 
/usr/bin/ld: cannot find -lpthreads
collect2: error: ld returned 1 exit status
gmake[1]: *** [cmTC_f02e7] Error 1
gmake[1]: Leaving directory `/dune/app/users/soughton/larsoft_v06_43_00/build_slf6.x86_64/CMakeFiles/CMakeTmp'
gmake: *** [cmTC_f02e7/fast] Error 2


